<?xml version="1.0" encoding="UTF-8"?>
<testng-results ignored="0" total="1" passed="1" failed="0" skipped="0">
  <reporter-output>
  </reporter-output>
  <suite started-at="2022-10-12T11:50:19 EDT" name="Default suite" finished-at="2022-10-12T11:50:22 EDT" duration-ms="2578">
    <groups>
    </groups>
    <test started-at="2022-10-12T11:50:19 EDT" name="Default test" finished-at="2022-10-12T11:50:22 EDT" duration-ms="2578">
      <class name="API_Testing.SumAndValidation">
        <test-method signature="sumOfCourses()[pri:0, instance:API_Testing.SumAndValidation@7690781]" started-at="2022-10-12T11:50:19 EDT" name="sumOfCourses" finished-at="2022-10-12T11:50:22 EDT" duration-ms="2511" status="PASS">
          <reporter-output>
          </reporter-output>
        </test-method> <!-- sumOfCourses -->
      </class> <!-- API_Testing.SumAndValidation -->
    </test> <!-- Default test -->
  </suite> <!-- Default suite -->
</testng-results>
